<?xml version="1.0" encoding="UTF-8"?>
<!-- Generated by org.testng.reporters.JUnitReportReporter -->
<testsuite hostname="DESKTOP-H0SC0VJ" failures="0" tests="1" name="restAssuredAssignment.RestApi.Tc2" time="0.045" errors="0" timestamp="12 Jan 2023 16:08:33 GMT" skipped="0">
  <testcase classname="restAssuredAssignment.RestApi.Tc2" name="verifyTeamHasOneWicketKeeper" time="0.045"/>
</testsuite> <!-- restAssuredAssignment.RestApi.Tc2 -->
