<?xml version="1.0" encoding="UTF-8"?>
<!-- Generated by org.testng.reporters.JUnitReportReporter -->
<testsuite hostname="DESKTOP-H0SC0VJ" failures="0" tests="1" name="restAssuredAssignment.RestApi.Tc1" time="3.466" errors="0" timestamp="12 Jan 2023 09:20:42 GMT" skipped="0">
  <testcase classname="restAssuredAssignment.RestApi.Tc1" name="verifyTeamHasFourForeignPlayer" time="3.466"/>
</testsuite> <!-- restAssuredAssignment.RestApi.Tc1 -->
